------------------------------------------------------------------------
r62 | tomun | 2020-03-15 21:23:07 +0000 (Sun, 15 Mar 2020) | 1 line
Changed paths:
   D /autotag_test/trunk/get_vers/readvers.bat

not required

Index: get_vers/readvers.bat (deleted)
===================================================================

------------------------------------------------------------------------
r57 | tomun | 2020-03-15 19:54:34 +0000 (Sun, 15 Mar 2020) | 3 lines
Changed paths:
   M /autotag_test/trunk/tag.bat
   M /autotag_test/trunk/vers.php

put the get vers code in subroutine inside tag.
added optional log message.
added optional tag name.

Index: tag.bat
===================================================================
--- tag.bat	(revision 56)
+++ tag.bat	(revision 57)
@@ -1,8 +1,121 @@
-:: testing how to automate tagging in SVN
-set repo=file:///D:/SVN/autotag_test
-set tag=1
-set args="-m "
-:: adds the first command line arg to the message
-set args=%args%%1
-svn copy %args% %repo%/trunk %repo%/tags/%tag%
-pause
\ No newline at end of file
+:: author - Thomas Underwood
+:: date   - 2020/03/15
+:: call readvers.bat, which reads vers.php in this directory
+:: this is then used to create a tag under that version number
+:: tag.bat 2020 © Thomas Underwood
+
+@ECHO off
+:: default address protocol
+SET filep=file:///
+:: default repo address
+SET repo=%filep%D:/SVN/get_vers
+:: default version file is in same directory as this script
+SET versf=vers.php
+:: command line args for svn, -m must be immediately before user input %message%
+SET args=-m
+
+:: tell user what this does
+ECHO ******************************************************
+ECHO * This script will create a tagged version from your *
+ECHO * trunk. You can optionally input a log message and  *
+ECHO * provide your own tag name. You do not need to      * 
+ECHO * include the trunk directory in the repo path.      *
+ECHO ******************************************************
+
+:: check IF repo address is dIFferent from default
+SET overriderepo=""
+ECHO.
+ECHO IF you do not want to use %repo% as your repo address, 
+ECHO enter your own now. E.G. svn://myrepo/myproj 
+ECHO Otherwise press return:
+SET /p overriderepo="" 
+IF %overriderepo% NEQ "" SET repo=%overriderepo%
+SET tags_dir=%repo%/tags
+
+:: adds the user's message to args
+ECHO.
+ECHO Enter the log message for version control:
+SET /p message="" 
+SET args="%args% %message%"
+
+:: call readvers to put version in a txt file, %versf% is where to look
+CALL :readvers %versf%
+
+:: find the line and put in vers
+FOR /F "delims=" %%a in (temp_version.txt) DO SET vers=%%a
+
+:: tell the user the message they input so they can confirm it
+ECHO.
+ECHO Log message: %message%
+
+:: offer to override the version with user input
+SET overridevers=""
+ECHO.
+ECHO IF you do not want to use the tag name %vers%, 
+ECHO enter your own now. Otherwise press return:
+SET /p overridevers=""
+IF %overridevers% NEQ "" SET vers=%overridevers%
+
+:: confirm user wants to do it
+SET dest=%tags_dir%/%vers%
+ECHO.
+ECHO Do you want to create the tag in %dest%, Y/N ?
+SET /p continue=""
+IF %continue% == y (
+    GOTO docopy
+) ELSE IF %continue == Y (
+    GOTO docopy
+) ELSE (
+    GOTO doend
+)
+
+:: copy the dir to a new one, with the name given
+:docopy
+ECHO.
+ECHO Creating %dest%..
+svn copy %args% %repo%/trunk %dest%
+GOTO finish
+
+:: tell user didn't do the tag and go to end
+:doend
+ECHO.
+ECHO Did not tag anything.
+GOTO finish
+
+:: read version from a file
+:readvers
+SETLOCAL EnableDelayedExpansion
+:: expects verion file to be vers.php by default
+SET versfile=%1
+:: find the line that doesn't have a ? and put it in text.txt
+ECHO Detecting version number in %versfile%..
+FOR /F "delims=" %%a in ('findstr /v "?" %versfile% ') DO SET var=%%a
+:: remove the $vers
+SET newvar=!var:$vers=!
+:: remove the whitespace
+SET newvar=!newvar: =! 
+:: echo what we have into the temp file
+ECHO !newvar! > temp1.txt
+:: hide the temp file
+ATTRIB +H temp1.txt
+:: read the file using = as a delimeter to remove it
+FOR /F "delims==;" %%b in (temp1.txt) DO SET endvar=%%b
+:: endvar is now version number, output to version.txt
+ECHO !endvar! > temp_version.txt
+:: hide the temp file
+ATTRIB +H temp_version.txt
+:: tidy up, unhide temp file first
+ATTRIB -H temp1.txt
+DEL temp1.txt
+:: return to where this sr was called
+EXIT /B
+
+:: tidy up and end, unhide temp file first
+:finish
+ECHO.
+ATTRIB -H temp_version.txt
+DEL temp_version.txt
+ECHO Finished.
+ECHO You will need to update the %tags_dir% directory, to see this change locally.
+PAUSE
+EXIT
\ No newline at end of file
Index: vers.php
===================================================================
--- vers.php	(revision 56)
+++ vers.php	(revision 57)
@@ -1,3 +1,3 @@
 <?php
-    $vers = 1.0.1.6;
+    $vers = 1.0.1.7;
 ?>
\ No newline at end of file

------------------------------------------------------------------------
r29 | tomun | 2020-03-14 20:15:43 +0000 (Sat, 14 Mar 2020) | 1 line
Changed paths:
   A /autotag_test/trunk/get_vers (from /get_vers/tags/1:25)

imported version 1.0.0.0 of get_vers to correct place

Index: get_vers/readvers.bat
===================================================================
--- get_vers/readvers.bat	(nonexistent)
+++ get_vers/readvers.bat	(revision 29)
@@ -0,0 +1,22 @@
+:: author - tom underwood
+:: date   - 14/march/2020
+:: reads vers.php in the same directory and echoes the version number
+:: this assumes that the file follow the following expected format
+:: <?php
+::     $vers = 1.1.1.1;
+:: ?>
+@echo off
+setlocal EnableDelayedExpansion
+set alphachars=$vers
+
+:: find the line that doesn't have a ? and put it in text.txt
+for /F "delims=" %%a in ('findstr /v "?" vers.php ') do set var=%%a
+set newvar=!var:$vers=!
+set newvar=!newvar: =!
+echo !newvar!
+echo !newvar! > temp1.txt
+for /F "delims==;" %%b in (temp1.txt) do set endvar=%%b
+:: endbar is now version number, output to version.txt
+echo !endvar! > version.txt
+:: tidy up
+del temp1.txt
\ No newline at end of file
Index: get_vers/vers.txt
===================================================================
--- get_vers/vers.txt	(nonexistent)
+++ get_vers/vers.txt	(revision 29)
@@ -0,0 +1 @@
+1.0.0.0
\ No newline at end of file

------------------------------------------------------------------------
r23 | tomun | 2020-03-14 19:54:59 +0000 (Sat, 14 Mar 2020) | 1 line
Changed paths:
   D /autotag_test/trunk/readvers.bat

moved readvers to its own repo as could be expanded to do more, regardless of the project.

Index: readvers.bat (deleted)
===================================================================

------------------------------------------------------------------------
r17 | tomun | 2020-03-14 18:32:43 +0000 (Sat, 14 Mar 2020) | 2 lines
Changed paths:
   A /autotag_test/trunk/readvers.bat
   M /autotag_test/trunk/tag.bat

added comment in tag.bat.
created file to read version number from a vers.php file in the same directory

Index: readvers.bat
===================================================================
--- readvers.bat	(nonexistent)
+++ readvers.bat	(revision 17)
@@ -0,0 +1,22 @@
+:: author - tom underwood
+:: date   - 14/march/2020
+:: reads vers.php in the same directory and echoes the version number
+:: this assumes that the file follow the following expected format
+:: <?php
+::     $vers = 1.1.1.1;
+:: ?>
+@echo off
+setlocal EnableDelayedExpansion
+set alphachars=$vers
+
+:: find the line that doesn't have a ? and put it in text.txt
+for /F "delims=" %%a in ('findstr /v "?" vers.php ') do set var=%%a
+set newvar=!var:$vers=!
+set newvar=!newvar: =!
+echo !newvar!
+echo !newvar! > temp1.txt
+for /F "delims==;" %%b in (temp1.txt) do set endvar=%%b
+:: endbar is now version number, output to version.txt
+echo !endvar! > version.txt
+:: tidy up
+del temp1.txt
\ No newline at end of file
Index: tag.bat
===================================================================
--- tag.bat	(revision 16)
+++ tag.bat	(revision 17)
@@ -1,6 +1,8 @@
 :: testing how to automate tagging in SVN
 set repo=file:///D:/SVN/autotag_test
 set tag=1
-set args="-m messagetest1"
+set args="-m "
+:: adds the first command line arg to the message
+set args=%args%%1
 svn copy %args% %repo%/trunk %repo%/tags/%tag%
 pause
\ No newline at end of file

------------------------------------------------------------------------
r16 | tomun | 2020-03-14 16:46:25 +0000 (Sat, 14 Mar 2020) | 1 line
Changed paths:
   M /autotag_test/trunk/tag.bat
   A /autotag_test/trunk/vers.php

added arbitrary version to see if i can read it

Index: tag.bat
===================================================================
--- tag.bat	(revision 15)
+++ tag.bat	(revision 16)
@@ -1,6 +1,6 @@
 :: testing how to automate tagging in SVN
 set repo=file:///D:/SVN/autotag_test
-set bran=1
+set tag=1
 set args="-m messagetest1"
-svn copy %repo%/trunk/*.* %repo%/branch/%bran% %args%
+svn copy %args% %repo%/trunk %repo%/tags/%tag%
 pause
\ No newline at end of file
Index: vers.php
===================================================================
--- vers.php	(nonexistent)
+++ vers.php	(revision 16)
@@ -0,0 +1,3 @@
+<?php
+    $vers = 1.0.1.6;
+?>
\ No newline at end of file

------------------------------------------------------------------------
r12 | tomun | 2020-03-14 16:38:10 +0000 (Sat, 14 Mar 2020) | 1 line
Changed paths:
   M /autotag_test/trunk/tag.bat

testing if /*.* works

Index: tag.bat
===================================================================
--- tag.bat	(revision 11)
+++ tag.bat	(revision 12)
@@ -2,5 +2,5 @@
 set repo=file:///D:/SVN/autotag_test
 set bran=1
 set args="-m messagetest1"
-svn copy %repo%/trunk/ %repo%/branch/%bran% %args%
+svn copy %repo%/trunk/*.* %repo%/branch/%bran% %args%
 pause
\ No newline at end of file

------------------------------------------------------------------------
r9 | tomun | 2020-03-14 16:36:37 +0000 (Sat, 14 Mar 2020) | 1 line
Changed paths:
   M /autotag_test/trunk/tag.bat

trying trailing / to see if it doesn't copy trunk dir

Index: tag.bat
===================================================================
--- tag.bat	(revision 8)
+++ tag.bat	(revision 9)
@@ -1,6 +1,6 @@
 :: testing how to automate tagging in SVN
-set repo="file:///D:/SVN/autotag_test"
-set bran="1"
+set repo=file:///D:/SVN/autotag_test
+set bran=1
 set args="-m messagetest1"
-svn copy %repo%/trunk %repo%/branch/%bran% %args%
+svn copy %repo%/trunk/ %repo%/branch/%bran% %args%
 pause
\ No newline at end of file

------------------------------------------------------------------------
r6 | tomun | 2020-03-14 16:32:57 +0000 (Sat, 14 Mar 2020) | 1 line
Changed paths:
   A /autotag_test/trunk/tag.bat

testing tagging with log message messagetest1

Index: tag.bat
===================================================================
--- tag.bat	(nonexistent)
+++ tag.bat	(revision 6)
@@ -0,0 +1,6 @@
+:: testing how to automate tagging in SVN
+set repo="file:///D:/SVN/autotag_test"
+set bran="1"
+set args="-m messagetest1"
+svn copy %repo%/trunk %repo%/branch/%bran% %args%
+pause
\ No newline at end of file

------------------------------------------------------------------------
r2 | tomun | 2020-03-14 16:19:49 +0000 (Sat, 14 Mar 2020) | 1 line
Changed paths:
   A /autotag_test/trunk




------------------------------------------------------------------------
